23:50:06 **** Build of configuration Release for project Arduino_Duemilanove_w__ATmega328 ****
make all 
Building file: /usr/share/arduino/hardware/arduino/cores/arduino/CDC.cpp
Invoking: AVR C++ Compiler
avr-g++ -I"/usr/share/arduino/hardware/arduino/cores/arduino" -I"/usr/share/arduino/hardware/arduino/variants/standard" -DUSB_PID= -DUSB_VID= -DARDUINO=100 -Wall -Os -fno-exceptions -g  -ffunction-sections  -fdata-sections -mmcu=atmega328p -DF_CPU=16000000UL -MMD -MP -MF"arduino/CDC.d" -MT"arduino/CDC.d"  -c -o "arduino/CDC.o" "/usr/share/arduino/hardware/arduino/cores/arduino/CDC.cpp"
Finished building: /usr/share/arduino/hardware/arduino/cores/arduino/CDC.cpp
 
Building file: /usr/share/arduino/hardware/arduino/cores/arduino/HID.cpp
Invoking: AVR C++ Compiler
avr-g++ -I"/usr/share/arduino/hardware/arduino/cores/arduino" -I"/usr/share/arduino/hardware/arduino/variants/standard" -DUSB_PID= -DUSB_VID= -DARDUINO=100 -Wall -Os -fno-exceptions -g  -ffunction-sections  -fdata-sections -mmcu=atmega328p -DF_CPU=16000000UL -MMD -MP -MF"arduino/HID.d" -MT"arduino/HID.d"  -c -o "arduino/HID.o" "/usr/share/arduino/hardware/arduino/cores/arduino/HID.cpp"
In file included from /usr/share/arduino/hardware/arduino/cores/arduino/HID.cpp:21:0:
/usr/share/arduino/hardware/arduino/cores/arduino/USBDesc.h:65:0: warning: “USB_VID”重定义
<command-line>:0:0: note: 这是先前定义的位置
/usr/share/arduino/hardware/arduino/cores/arduino/USBDesc.h:66:0: warning: “USB_PID”重定义
<command-line>:0:0: note: 这是先前定义的位置
Finished building: /usr/share/arduino/hardware/arduino/cores/arduino/HID.cpp
 
Building file: /usr/share/arduino/hardware/arduino/cores/arduino/HardwareSerial.cpp
Invoking: AVR C++ Compiler
avr-g++ -I"/usr/share/arduino/hardware/arduino/cores/arduino" -I"/usr/share/arduino/hardware/arduino/variants/standard" -DUSB_PID= -DUSB_VID= -DARDUINO=100 -Wall -Os -fno-exceptions -g  -ffunction-sections  -fdata-sections -mmcu=atmega328p -DF_CPU=16000000UL -MMD -MP -MF"arduino/HardwareSerial.d" -MT"arduino/HardwareSerial.d"  -c -o "arduino/HardwareSerial.o" "/usr/share/arduino/hardware/arduino/cores/arduino/HardwareSerial.cpp"
Finished building: /usr/share/arduino/hardware/arduino/cores/arduino/HardwareSerial.cpp
 
Building file: /usr/share/arduino/hardware/arduino/cores/arduino/IPAddress.cpp
Invoking: AVR C++ Compiler
avr-g++ -I"/usr/share/arduino/hardware/arduino/cores/arduino" -I"/usr/share/arduino/hardware/arduino/variants/standard" -DUSB_PID= -DUSB_VID= -DARDUINO=100 -Wall -Os -fno-exceptions -g  -ffunction-sections  -fdata-sections -mmcu=atmega328p -DF_CPU=16000000UL -MMD -MP -MF"arduino/IPAddress.d" -MT"arduino/IPAddress.d"  -c -o "arduino/IPAddress.o" "/usr/share/arduino/hardware/arduino/cores/arduino/IPAddress.cpp"
In file included from /usr/share/arduino/hardware/arduino/cores/arduino/IPAddress.cpp:3:0:
/usr/share/arduino/hardware/arduino/cores/arduino/IPAddress.h: In member function ‘IPAddress::operator uint32_t()’:
/usr/share/arduino/hardware/arduino/cores/arduino/IPAddress.h:51:55: warning: dereferencing type-punned pointer will break strict-aliasing rules
/usr/share/arduino/hardware/arduino/cores/arduino/IPAddress.h: In member function ‘bool IPAddress::operator==(const IPAddress&)’:
/usr/share/arduino/hardware/arduino/cores/arduino/IPAddress.h:52:75: warning: dereferencing type-punned pointer will break strict-aliasing rules
Finished building: /usr/share/arduino/hardware/arduino/cores/arduino/IPAddress.cpp
/usr/share/arduino/hardware/arduino/cores/arduino/IPAddress.h:52:108: warning: dereferencing type-punned pointer will break strict-aliasing rules
 
Building file: /usr/share/arduino/hardware/arduino/cores/arduino/Print.cpp
Invoking: AVR C++ Compiler
avr-g++ -I"/usr/share/arduino/hardware/arduino/cores/arduino" -I"/usr/share/arduino/hardware/arduino/variants/standard" -DUSB_PID= -DUSB_VID= -DARDUINO=100 -Wall -Os -fno-exceptions -g  -ffunction-sections  -fdata-sections -mmcu=atmega328p -DF_CPU=16000000UL -MMD -MP -MF"arduino/Print.d" -MT"arduino/Print.d"  -c -o "arduino/Print.o" "/usr/share/arduino/hardware/arduino/cores/arduino/Print.cpp"
Finished building: /usr/share/arduino/hardware/arduino/cores/arduino/Print.cpp
 
Building file: /usr/share/arduino/hardware/arduino/cores/arduino/Stream.cpp
Invoking: AVR C++ Compiler
avr-g++ -I"/usr/share/arduino/hardware/arduino/cores/arduino" -I"/usr/share/arduino/hardware/arduino/variants/standard" -DUSB_PID= -DUSB_VID= -DARDUINO=100 -Wall -Os -fno-exceptions -g  -ffunction-sections  -fdata-sections -mmcu=atmega328p -DF_CPU=16000000UL -MMD -MP -MF"arduino/Stream.d" -MT"arduino/Stream.d"  -c -o "arduino/Stream.o" "/usr/share/arduino/hardware/arduino/cores/arduino/Stream.cpp"
Finished building: /usr/share/arduino/hardware/arduino/cores/arduino/Stream.cpp
 
Building file: /usr/share/arduino/hardware/arduino/cores/arduino/Tone.cpp
Invoking: AVR C++ Compiler
avr-g++ -I"/usr/share/arduino/hardware/arduino/cores/arduino" -I"/usr/share/arduino/hardware/arduino/variants/standard" -DUSB_PID= -DUSB_VID= -DARDUINO=100 -Wall -Os -fno-exceptions -g  -ffunction-sections  -fdata-sections -mmcu=atmega328p -DF_CPU=16000000UL -MMD -MP -MF"arduino/Tone.d" -MT"arduino/Tone.d"  -c -o "arduino/Tone.o" "/usr/share/arduino/hardware/arduino/cores/arduino/Tone.cpp"
/usr/share/arduino/hardware/arduino/cores/arduino/Tone.cpp:108:45: warning: only initialized variables can be placed into program memory area
Finished building: /usr/share/arduino/hardware/arduino/cores/arduino/Tone.cpp
 
Building file: /usr/share/arduino/hardware/arduino/cores/arduino/USBCore.cpp
Invoking: AVR C++ Compiler
avr-g++ -I"/usr/share/arduino/hardware/arduino/cores/arduino" -I"/usr/share/arduino/hardware/arduino/variants/standard" -DUSB_PID= -DUSB_VID= -DARDUINO=100 -Wall -Os -fno-exceptions -g  -ffunction-sections  -fdata-sections -mmcu=atmega328p -DF_CPU=16000000UL -MMD -MP -MF"arduino/USBCore.d" -MT"arduino/USBCore.d"  -c -o "arduino/USBCore.o" "/usr/share/arduino/hardware/arduino/cores/arduino/USBCore.cpp"
In file included from /usr/share/arduino/hardware/arduino/cores/arduino/USBCore.cpp:21:0:
Finished building: /usr/share/arduino/hardware/arduino/cores/arduino/USBCore.cpp
 
/usr/share/arduino/hardware/arduino/cores/arduino/USBDesc.h:65:0: warning: “USB_VID”重定义
Building file: /usr/share/arduino/hardware/arduino/cores/arduino/WInterrupts.c
<command-line>:0:0: note: 这是先前定义的位置
Invoking: AVR Compiler
/usr/share/arduino/hardware/arduino/cores/arduino/USBDesc.h:66:0: warning: “USB_PID”重定义
avr-gcc -I"/usr/share/arduino/hardware/arduino/cores/arduino" -I"/usr/share/arduino/hardware/arduino/variants/standard" -DUSB_VID= -DUSB_PID= -DARDUINO=100 -Wall -Os -fpack-struct -fshort-enums -std=gnu99 -funsigned-char -funsigned-bitfields -g  -ffunction-sections  -fdata-sections -mmcu=atmega328p -DF_CPU=16000000UL -MMD -MP -MF"arduino/WInterrupts.d" -MT"arduino/WInterrupts.d"  -c -o "arduino/WInterrupts.o" "/usr/share/arduino/hardware/arduino/cores/arduino/WInterrupts.c"
<command-line>:0:0: note: 这是先前定义的位置
Finished building: /usr/share/arduino/hardware/arduino/cores/arduino/WInterrupts.c
 
Building file: /usr/share/arduino/hardware/arduino/cores/arduino/WMath.cpp
Invoking: AVR C++ Compiler
avr-g++ -I"/usr/share/arduino/hardware/arduino/cores/arduino" -I"/usr/share/arduino/hardware/arduino/variants/standard" -DUSB_PID= -DUSB_VID= -DARDUINO=100 -Wall -Os -fno-exceptions -g  -ffunction-sections  -fdata-sections -mmcu=atmega328p -DF_CPU=16000000UL -MMD -MP -MF"arduino/WMath.d" -MT"arduino/WMath.d"  -c -o "arduino/WMath.o" "/usr/share/arduino/hardware/arduino/cores/arduino/WMath.cpp"
Finished building: /usr/share/arduino/hardware/arduino/cores/arduino/WMath.cpp
 
Building file: /usr/share/arduino/hardware/arduino/cores/arduino/WString.cpp
Invoking: AVR C++ Compiler
avr-g++ -I"/usr/share/arduino/hardware/arduino/cores/arduino" -I"/usr/share/arduino/hardware/arduino/variants/standard" -DUSB_PID= -DUSB_VID= -DARDUINO=100 -Wall -Os -fno-exceptions -g  -ffunction-sections  -fdata-sections -mmcu=atmega328p -DF_CPU=16000000UL -MMD -MP -MF"arduino/WString.d" -MT"arduino/WString.d"  -c -o "arduino/WString.o" "/usr/share/arduino/hardware/arduino/cores/arduino/WString.cpp"
Finished building: /usr/share/arduino/hardware/arduino/cores/arduino/WString.cpp
 
Building file: /usr/share/arduino/hardware/arduino/cores/arduino/main.cpp
Invoking: AVR C++ Compiler
avr-g++ -I"/usr/share/arduino/hardware/arduino/cores/arduino" -I"/usr/share/arduino/hardware/arduino/variants/standard" -DUSB_PID= -DUSB_VID= -DARDUINO=100 -Wall -Os -fno-exceptions -g  -ffunction-sections  -fdata-sections -mmcu=atmega328p -DF_CPU=16000000UL -MMD -MP -MF"arduino/main.d" -MT"arduino/main.d"  -c -o "arduino/main.o" "/usr/share/arduino/hardware/arduino/cores/arduino/main.cpp"
Finished building: /usr/share/arduino/hardware/arduino/cores/arduino/main.cpp
 
Building file: /usr/share/arduino/hardware/arduino/cores/arduino/new.cpp
Invoking: AVR C++ Compiler
avr-g++ -I"/usr/share/arduino/hardware/arduino/cores/arduino" -I"/usr/share/arduino/hardware/arduino/variants/standard" -DUSB_PID= -DUSB_VID= -DARDUINO=100 -Wall -Os -fno-exceptions -g  -ffunction-sections  -fdata-sections -mmcu=atmega328p -DF_CPU=16000000UL -MMD -MP -MF"arduino/new.d" -MT"arduino/new.d"  -c -o "arduino/new.o" "/usr/share/arduino/hardware/arduino/cores/arduino/new.cpp"
Finished building: /usr/share/arduino/hardware/arduino/cores/arduino/new.cpp
 
Building file: /usr/share/arduino/hardware/arduino/cores/arduino/wiring.c
Invoking: AVR Compiler
avr-gcc -I"/usr/share/arduino/hardware/arduino/cores/arduino" -I"/usr/share/arduino/hardware/arduino/variants/standard" -DUSB_VID= -DUSB_PID= -DARDUINO=100 -Wall -Os -fpack-struct -fshort-enums -std=gnu99 -funsigned-char -funsigned-bitfields -g  -ffunction-sections  -fdata-sections -mmcu=atmega328p -DF_CPU=16000000UL -MMD -MP -MF"arduino/wiring.d" -MT"arduino/wiring.d"  -c -o "arduino/wiring.o" "/usr/share/arduino/hardware/arduino/cores/arduino/wiring.c"
Finished building: /usr/share/arduino/hardware/arduino/cores/arduino/wiring.c
 
Building file: /usr/share/arduino/hardware/arduino/cores/arduino/wiring_analog.c
Invoking: AVR Compiler
avr-gcc -I"/usr/share/arduino/hardware/arduino/cores/arduino" -I"/usr/share/arduino/hardware/arduino/variants/standard" -DUSB_VID= -DUSB_PID= -DARDUINO=100 -Wall -Os -fpack-struct -fshort-enums -std=gnu99 -funsigned-char -funsigned-bitfields -g  -ffunction-sections  -fdata-sections -mmcu=atmega328p -DF_CPU=16000000UL -MMD -MP -MF"arduino/wiring_analog.d" -MT"arduino/wiring_analog.d"  -c -o "arduino/wiring_analog.o" "/usr/share/arduino/hardware/arduino/cores/arduino/wiring_analog.c"
Finished building: /usr/share/arduino/hardware/arduino/cores/arduino/wiring_analog.c
 
Building file: /usr/share/arduino/hardware/arduino/cores/arduino/wiring_digital.c
Invoking: AVR Compiler
avr-gcc -I"/usr/share/arduino/hardware/arduino/cores/arduino" -I"/usr/share/arduino/hardware/arduino/variants/standard" -DUSB_VID= -DUSB_PID= -DARDUINO=100 -Wall -Os -fpack-struct -fshort-enums -std=gnu99 -funsigned-char -funsigned-bitfields -g  -ffunction-sections  -fdata-sections -mmcu=atmega328p -DF_CPU=16000000UL -MMD -MP -MF"arduino/wiring_digital.d" -MT"arduino/wiring_digital.d"  -c -o "arduino/wiring_digital.o" "/usr/share/arduino/hardware/arduino/cores/arduino/wiring_digital.c"
avr-ar: creating libArduino_Duemilanove_w__ATmega328.a
Finished building: /usr/share/arduino/hardware/arduino/cores/arduino/wiring_digital.c
 
Building file: /usr/share/arduino/hardware/arduino/cores/arduino/wiring_pulse.c
Invoking: AVR Compiler
avr-gcc -I"/usr/share/arduino/hardware/arduino/cores/arduino" -I"/usr/share/arduino/hardware/arduino/variants/standard" -DUSB_VID= -DUSB_PID= -DARDUINO=100 -Wall -Os -fpack-struct -fshort-enums -std=gnu99 -funsigned-char -funsigned-bitfields -g  -ffunction-sections  -fdata-sections -mmcu=atmega328p -DF_CPU=16000000UL -MMD -MP -MF"arduino/wiring_pulse.d" -MT"arduino/wiring_pulse.d"  -c -o "arduino/wiring_pulse.o" "/usr/share/arduino/hardware/arduino/cores/arduino/wiring_pulse.c"
Finished building: /usr/share/arduino/hardware/arduino/cores/arduino/wiring_pulse.c
 
Building file: /usr/share/arduino/hardware/arduino/cores/arduino/wiring_shift.c
Invoking: AVR Compiler
avr-gcc -I"/usr/share/arduino/hardware/arduino/cores/arduino" -I"/usr/share/arduino/hardware/arduino/variants/standard" -DUSB_VID= -DUSB_PID= -DARDUINO=100 -Wall -Os -fpack-struct -fshort-enums -std=gnu99 -funsigned-char -funsigned-bitfields -g  -ffunction-sections  -fdata-sections -mmcu=atmega328p -DF_CPU=16000000UL -MMD -MP -MF"arduino/wiring_shift.d" -MT"arduino/wiring_shift.d"  -c -o "arduino/wiring_shift.o" "/usr/share/arduino/hardware/arduino/cores/arduino/wiring_shift.c"
Finished building: /usr/share/arduino/hardware/arduino/cores/arduino/wiring_shift.c
 
Building target: libArduino_Duemilanove_w__ATmega328.a
Invoking: AVR Archiver
avr-ar -r  "libArduino_Duemilanove_w__ATmega328.a"  ./arduino/CDC.o ./arduino/HID.o ./arduino/HardwareSerial.o ./arduino/IPAddress.o ./arduino/Print.o ./arduino/Stream.o ./arduino/Tone.o ./arduino/USBCore.o ./arduino/WInterrupts.o ./arduino/WMath.o ./arduino/WString.o ./arduino/main.o ./arduino/new.o ./arduino/wiring.o ./arduino/wiring_analog.o ./arduino/wiring_digital.o ./arduino/wiring_pulse.o ./arduino/wiring_shift.o  
Finished building target: libArduino_Duemilanove_w__ATmega328.a
 
Invoking: AVR Create Extended Listing
avr-objdump -h -S libArduino_Duemilanove_w__ATmega328.a  >"libArduino_Duemilanove_w__ATmega328.lss"
Finished building: libArduino_Duemilanove_w__ATmega328.lss
 
Invoking: Print Size
avr-size --format=avr --mcu=atmega328p libArduino_Duemilanove_w__ATmega328.a
AVR Memory Usage
----------------
Device: atmega328p

Program:       0 bytes (0.0% Full)
(.text + .data + .bootloader)

Data:          0 bytes (0.0% Full)
(.data + .bss + .noinit)


AVR Memory Usage
----------------
Device: atmega328p

Program:       0 bytes (0.0% Full)
(.text + .data + .bootloader)

Data:          0 bytes (0.0% Full)
(.data + .bss + .noinit)


AVR Memory Usage
----------------
Device: atmega328p

Program:       0 bytes (0.0% Full)
(.text + .data + .bootloader)

Data:          0 bytes (0.0% Full)
(.data + .bss + .noinit)


AVR Memory Usage
----------------
Device: atmega328p

Program:       0 bytes (0.0% Full)
(.text + .data + .bootloader)

Data:          0 bytes (0.0% Full)
(.data + .bss + .noinit)


AVR Memory Usage
----------------
Device: atmega328p

Program:       2 bytes (0.0% Full)
(.text + .data + .bootloader)

Data:          2 bytes (0.1% Full)
(.data + .bss + .noinit)


AVR Memory Usage
----------------
Device: atmega328p

Program:       0 bytes (0.0% Full)
(.text + .data + .bootloader)

Data:          0 bytes (0.0% Full)
(.data + .bss + .noinit)


AVR Memory Usage
----------------
Device: atmega328p

Program:       0 bytes (0.0% Full)
(.text + .data + .bootloader)

Data:          0 bytes (0.0% Full)
(.data + .bss + .noinit)


AVR Memory Usage
----------------
Device: atmega328p

Program:       0 bytes (0.0% Full)
(.text + .data + .bootloader)

Data:          0 bytes (0.0% Full)
(.data + .bss + .noinit)


AVR Memory Usage
----------------
Device: atmega328p

Program:       0 bytes (0.0% Full)
(.text + .data + .bootloader)

Data:          0 bytes (0.0% Full)
(.data + .bss + .noinit)


AVR Memory Usage
----------------
Device: atmega328p

Program:       0 bytes (0.0% Full)
(.text + .data + .bootloader)

Data:          0 bytes (0.0% Full)
(.data + .bss + .noinit)


AVR Memory Usage
----------------
Device: atmega328p

Program:       1 bytes (0.0% Full)
(.text + .data + .bootloader)

Data:          1 bytes (0.0% Full)
(.data + .bss + .noinit)


AVR Memory Usage
----------------
Device: atmega328p

Program:       0 bytes (0.0% Full)
(.text + .data + .bootloader)

Data:          0 bytes (0.0% Full)
(.data + .bss + .noinit)


AVR Memory Usage
----------------
Device: atmega328p

Program:       0 bytes (0.0% Full)
(.text + .data + .bootloader)

Data:          0 bytes (0.0% Full)
(.data + .bss + .noinit)


AVR Memory Usage
----------------
Device: atmega328p

Program:       0 bytes (0.0% Full)
(.text + .data + .bootloader)

Data:          0 bytes (0.0% Full)
(.data + .bss + .noinit)


AVR Memory Usage
----------------
Device: atmega328p

Program:       0 bytes (0.0% Full)
(.text + .data + .bootloader)

Data:          0 bytes (0.0% Full)
(.data + .bss + .noinit)


AVR Memory Usage
----------------
Device: atmega328p

Program:       0 bytes (0.0% Full)
(.text + .data + .bootloader)

Data:          0 bytes (0.0% Full)
(.data + .bss + .noinit)


AVR Memory Usage
----------------
Device: atmega328p

Program:       0 bytes (0.0% Full)
(.text + .data + .bootloader)

Data:          0 bytes (0.0% Full)
(.data + .bss + .noinit)


AVR Memory Usage
----------------
Device: atmega328p

Program:       0 bytes (0.0% Full)
(.text + .data + .bootloader)

Data:          0 bytes (0.0% Full)
(.data + .bss + .noinit)


Finished building: sizedummy
 

23:50:08 Build Finished (took 1s.923ms)

